<?xml version="1.0" encoding="UTF-8"?>
<!-- Generated by org.testng.reporters.JUnitReportReporter -->
<testsuite hostname="DESKTOP-TECD7PI" failures="0" tests="1" name="Contact_Module.CreateContactTestjava" time="33.226" errors="0" timestamp="2025-04-05T15:03:03 IST" skipped="0">
  <testcase classname="Contact_Module.CreateContactTestjava" name="CreateContact" time="33.226"/>
</testsuite> <!-- Contact_Module.CreateContactTestjava -->
