<?xml version="1.0" encoding="UTF-8"?>
<!-- Generated by org.testng.reporters.JUnitReportReporter -->
<testsuite hostname="DESKTOP-TECD7PI" failures="0" tests="6" name="Organization_ModuleTest.CreateOrgWithIndustryAndTypeTest" time="37.884" errors="1" timestamp="2025-04-21T14:44:59 IST" skipped="5">
  <testcase classname="Organization_ModuleTest.CreateOrgWithIndustryAndTypeTest" name="createOrgWithIndAndType" time="5.969">
    <skipped/>
    <system-out>
      <![CDATA[createOrgWithIndAndType----started--
createOrgWithIndAndType--skipped--]]>
    </system-out>
  </testcase> <!-- createOrgWithIndAndType -->
  <testcase classname="Organization_ModuleTest.CreateOrgWithIndustryAndTypeTest" name="createOrgWithIndAndType" time="7.456">
    <skipped/>
    <system-out>
      <![CDATA[createOrgWithIndAndType----started--
createOrgWithIndAndType--skipped--]]>
    </system-out>
  </testcase> <!-- createOrgWithIndAndType -->
  <testcase classname="Organization_ModuleTest.CreateOrgWithIndustryAndTypeTest" name="createOrgWithIndAndType" time="7.008">
    <skipped/>
    <system-out>
      <![CDATA[createOrgWithIndAndType----started--
createOrgWithIndAndType--skipped--]]>
    </system-out>
  </testcase> <!-- createOrgWithIndAndType -->
  <testcase classname="Organization_ModuleTest.CreateOrgWithIndustryAndTypeTest" name="createOrgWithIndAndType" time="6.063">
    <error message="Cannot invoke &quot;org.apache.poi.ss.usermodel.Sheet.getRow(int)&quot; because &quot;sh&quot; is null" type="java.lang.NullPointerException">
      <![CDATA[java.lang.NullPointerException: Cannot invoke "org.apache.poi.ss.usermodel.Sheet.getRow(int)" because "sh" is null
at GenericUtilities.Excel_Utility.FetchDataFromExcelFile(Excel_Utility.java:23)
at Organization_ModuleTest.CreateOrgWithIndustryAndTypeTest.createOrgWithIndAndType(CreateOrgWithIndustryAndTypeTest.java:40)
at java.base/jdk.internal.reflect.DirectMethodHandleAccessor.invoke(DirectMethodHandleAccessor.java:103)
at java.base/java.lang.reflect.Method.invoke(Method.java:580)
at org.testng.internal.invokers.MethodInvocationHelper.invokeMethod(MethodInvocationHelper.java:141)
at org.testng.internal.invokers.TestInvoker.invokeMethod(TestInvoker.java:686)
at org.testng.internal.invokers.TestInvoker.retryFailed(TestInvoker.java:269)
at org.testng.internal.invokers.MethodRunner.runInSequence(MethodRunner.java:76)
at org.testng.internal.invokers.TestInvoker$MethodInvocationAgent.invoke(TestInvoker.java:992)
at org.testng.internal.invokers.TestInvoker.invokeTestMethods(TestInvoker.java:203)
at org.testng.internal.invokers.TestMethodWorker.invokeTestMethods(TestMethodWorker.java:154)
at org.testng.internal.invokers.TestMethodWorker.run(TestMethodWorker.java:134)
at java.base/java.util.ArrayList.forEach(ArrayList.java:1597)
at org.testng.TestRunner.privateRun(TestRunner.java:739)
at org.testng.TestRunner.run(TestRunner.java:614)
at org.testng.SuiteRunner.runTest(SuiteRunner.java:421)
at org.testng.SuiteRunner.runSequentially(SuiteRunner.java:413)
at org.testng.SuiteRunner.privateRun(SuiteRunner.java:373)
at org.testng.SuiteRunner.run(SuiteRunner.java:312)
at org.testng.SuiteRunnerWorker.runSuite(SuiteRunnerWorker.java:52)
at org.testng.SuiteRunnerWorker.run(SuiteRunnerWorker.java:95)
at org.testng.TestNG.runSuitesSequentially(TestNG.java:1274)
at org.testng.TestNG.runSuitesLocally(TestNG.java:1208)
at org.testng.TestNG.runSuites(TestNG.java:1112)
at org.testng.TestNG.run(TestNG.java:1079)
at org.testng.remote.AbstractRemoteTestNG.run(AbstractRemoteTestNG.java:115)
at org.testng.remote.RemoteTestNG.initAndRun(RemoteTestNG.java:293)
at org.testng.remote.RemoteTestNG.main(RemoteTestNG.java:91)
]]>
    </error>
    <system-out>
      <![CDATA[createOrgWithIndAndType----started--
createOrgWithIndAndType--failed--]]>
    </system-out>
  </testcase> <!-- createOrgWithIndAndType -->
  <testcase classname="Organization_ModuleTest.CreateOrgWithIndustryAndTypeTest" name="createOrgWithIndAndType" time="6.246">
    <skipped/>
    <system-out>
      <![CDATA[createOrgWithIndAndType----started--
createOrgWithIndAndType--skipped--]]>
    </system-out>
  </testcase> <!-- createOrgWithIndAndType -->
  <testcase classname="Organization_ModuleTest.CreateOrgWithIndustryAndTypeTest" name="createOrgWithIndAndType" time="5.142">
    <skipped/>
    <system-out>
      <![CDATA[createOrgWithIndAndType----started--
createOrgWithIndAndType--skipped--]]>
    </system-out>
  </testcase> <!-- createOrgWithIndAndType -->
  <system-out>
    <![CDATA[Report configuration
Configure the DB:Connect
BT:Parallel Exe
Launch the browser
Login to the appln
createOrgWithIndAndType----started--
createOrgWithIndAndType--skipped--
Logout of the appln
Login to the appln
createOrgWithIndAndType----started--
createOrgWithIndAndType--skipped--
Logout of the appln
Login to the appln
createOrgWithIndAndType----started--
createOrgWithIndAndType--skipped--
Logout of the appln
Login to the appln
createOrgWithIndAndType----started--
createOrgWithIndAndType--skipped--
Logout of the appln
Login to the appln
createOrgWithIndAndType----started--
createOrgWithIndAndType--skipped--
Logout of the appln
Login to the appln
createOrgWithIndAndType----started--
createOrgWithIndAndType--failed--
Logout of the appln
Close the browser
AT:Parallel Exe
Close DB connection]]>
  </system-out>
</testsuite> <!-- Organization_ModuleTest.CreateOrgWithIndustryAndTypeTest -->
