<?xml version="1.0" encoding="UTF-8"?>
<!-- Generated by org.testng.reporters.JUnitReportReporter -->
<testsuite hostname="DESKTOP-TECD7PI" failures="0" tests="1" name="ExtendReport.UsingExtentReports" time="5.011" errors="0" timestamp="2025-04-14T17:33:04 IST" skipped="0">
  <testcase classname="ExtendReport.UsingExtentReports" name="demo" time="5.011"/>
</testsuite> <!-- ExtendReport.UsingExtentReports -->
