<?xml version="1.0" encoding="UTF-8"?>
<!-- Generated by org.testng.reporters.JUnitReportReporter -->
<testsuite hostname="DESKTOP-TECD7PI" failures="0" tests="1" name="Contact_Module.CreateContactWithOrgTestjava$CreateContactwithOrg" time="46.247" errors="0" timestamp="2025-04-05T16:11:45 IST" skipped="0">
  <testcase classname="Contact_Module.CreateContactWithOrgTestjava$CreateContactwithOrg" name="CreateContactN" time="46.247"/>
</testsuite> <!-- Contact_Module.CreateContactWithOrgTestjava$CreateContactwithOrg -->
