<?xml version="1.0" encoding="UTF-8"?>
<!-- Generated by org.testng.reporters.JUnitReportReporter -->
<testsuite hostname="DESKTOP-TECD7PI" failures="0" tests="1" name="Contact_Module.CreateContactScenarios" time="26.236" errors="0" timestamp="2025-04-17T14:06:38 IST" skipped="0">
  <testcase classname="Contact_Module.CreateContactScenarios" name="CreateContactTest" time="26.236">
    <system-out>
      <![CDATA[CreateContactTest----started--
CreateContactTest--succes--]]>
    </system-out>
  </testcase> <!-- CreateContactTest -->
  <system-out>
    <![CDATA[Report configuration
Configure the DB:Connect
BT:Parallel Exe
Launch the browser
Login to the appln
CreateContactTest----started--
CreateContactTest--succes--
Logout of the appln
Close the browser
AT:Parallel Exe
Close DB connection]]>
  </system-out>
</testsuite> <!-- Contact_Module.CreateContactScenarios -->
