<?xml version="1.0" encoding="UTF-8"?>
<!-- Generated by org.testng.reporters.JUnitReportReporter -->
<testsuite hostname="DESKTOP-TECD7PI" failures="0" tests="3" name="Contact_Module.CreateContactScenariosTest" time="82.412" errors="0" timestamp="2025-04-22T11:12:35 IST" skipped="0">
  <testcase classname="Contact_Module.CreateContactScenariosTest" name="CreateConwithorgTest" time="35.307">
    <system-out>
      <![CDATA[CreateConwithorgTest----started--
CreateConwithorgTest--succes--]]>
    </system-out>
  </testcase> <!-- CreateConwithorgTest -->
  <testcase classname="Contact_Module.CreateContactScenariosTest" name="CreatewithSuppDateT" time="18.493">
    <system-out>
      <![CDATA[CreatewithSuppDateT----started--
CreatewithSuppDateT--succes--]]>
    </system-out>
  </testcase> <!-- CreatewithSuppDateT -->
  <testcase classname="Contact_Module.CreateContactScenariosTest" name="CreateContactTest" time="28.612">
    <system-out>
      <![CDATA[CreateContactTest----started--
CreateContactTest--succes--]]>
    </system-out>
  </testcase> <!-- CreateContactTest -->
  <system-out>
    <![CDATA[Report configuration
Configure the DB:Connect
BT:Parallel Exe
Launch the browser
Login to the appln
CreateContactTest----started--
CreateContactTest--succes--
Logout of the appln
Login to the appln
CreateConwithorgTest----started--
CreateConwithorgTest--succes--
Logout of the appln
Login to the appln
CreatewithSuppDateT----started--
CreatewithSuppDateT--succes--
Logout of the appln
Close the browser
AT:Parallel Exe
Close DB connection]]>
  </system-out>
</testsuite> <!-- Contact_Module.CreateContactScenariosTest -->
